<?xml version="1.0" encoding="UTF-8"?>
<!-- Generated by org.testng.reporters.JUnitReportReporter -->
<testsuite skipped="0" hostname="LAPTOP-CND0JEEU" name="TestRunner" tests="4" failures="0" timestamp="2021-04-06T13:11:25 EDT" time="21.309" errors="0">
  <testcase name="runScenario" time="6.401" classname="TestRunner"/>
  <system-out/>
  <testcase name="runScenario" time="3.885" classname="TestRunner"/>
  <system-out/>
  <testcase name="runScenario" time="6.128" classname="TestRunner"/>
  <system-out/>
  <testcase name="runScenario" time="4.895" classname="TestRunner"/>
  <system-out/>
</testsuite> <!-- TestRunner -->
