<?xml version="1.0" encoding="UTF-8"?>
<!-- Generated by org.testng.reporters.JUnitReportReporter -->
<testsuite skipped="0" hostname="LAPTOP-CND0JEEU" name="TestRunner" tests="3" failures="0" timestamp="2021-04-04T08:35:35 EDT" time="18.086" errors="0">
  <testcase name="runScenario" time="7.006" classname="TestRunner"/>
  <system-out/>
  <testcase name="runScenario" time="4.955" classname="TestRunner"/>
  <system-out/>
  <testcase name="runScenario" time="6.125" classname="TestRunner"/>
  <system-out/>
</testsuite> <!-- TestRunner -->
