<?xml version="1.0" encoding="UTF-8"?>
<!-- Generated by org.testng.reporters.JUnitReportReporter -->
<testsuite skipped="0" hostname="LAPTOP-CND0JEEU" name="TestRunner" tests="1" failures="0" timestamp="2021-03-23T10:19:43 EDT" time="4.574" errors="0">
  <testcase name="runScenario" time="4.574" classname="TestRunner"/>
  <system-out/>
</testsuite> <!-- TestRunner -->
