<?xml version="1.0" encoding="UTF-8"?>
<!-- Generated by org.testng.reporters.JUnitReportReporter -->
<testsuite skipped="0" hostname="LAPTOP-CND0JEEU" name="TestRunner" tests="2" failures="0" timestamp="2021-03-27T21:11:55 EDT" time="10.876" errors="0">
  <testcase name="runScenario" time="4.849" classname="TestRunner"/>
  <system-out/>
  <testcase name="runScenario" time="6.027" classname="TestRunner"/>
  <system-out/>
</testsuite> <!-- TestRunner -->
