<?xml version="1.0" encoding="UTF-8"?>
<!-- Generated by org.testng.reporters.JUnitReportReporter -->
<testsuite skipped="0" hostname="LAPTOP-CND0JEEU" name="TestRunner" tests="2" failures="0" timestamp="2021-04-02T12:44:51 EDT" time="11.349" errors="0">
  <testcase name="runScenario" time="6.360" classname="TestRunner"/>
  <system-out/>
  <testcase name="runScenario" time="4.989" classname="TestRunner"/>
  <system-out/>
</testsuite> <!-- TestRunner -->
