<?xml version="1.0" encoding="UTF-8"?>
<!-- Generated by org.testng.reporters.JUnitReportReporter -->
<testsuite skipped="0" hostname="LAPTOP-CND0JEEU" name="TestRunner" tests="3" failures="0" timestamp="2021-04-03T21:27:38 EDT" time="13.860" errors="0">
  <testcase name="runScenario" time="5.037" classname="TestRunner"/>
  <system-out/>
  <testcase name="runScenario" time="4.159" classname="TestRunner"/>
  <system-out/>
  <testcase name="runScenario" time="4.664" classname="TestRunner"/>
  <system-out/>
</testsuite> <!-- TestRunner -->
